# JRE version: OpenJDK Runtime Environment (8.0_152-b01) (build 1.8.0_152-release-1343-b01)
# Java VM: OpenJDK 64-Bit Server VM (25.152-b01 mixed mode windows-amd64 compressed oops)
Heap:
 PSYoungGen      total 73216K, used 43021K [0x00000000eab00000, 0x00000000eff80000, 0x0000000100000000)
  eden space 62976K, 68% used [0x00000000eab00000,0x00000000ed503710,0x00000000ee880000)
  from space 10240K, 0% used [0x00000000ef580000,0x00000000ef580000,0x00000000eff80000)
  to   space 11776K, 0% used [0x00000000ee880000,0x00000000ee880000,0x00000000ef400000)
 ParOldGen       total 94720K, used 15983K [0x00000000c0000000, 0x00000000c5c80000, 0x00000000eab00000)
  object space 94720K, 16% used [0x00000000c0000000,0x00000000c0f9bf48,0x00000000c5c80000)
 Metaspace       used 36239K, capacity 37104K, committed 37416K, reserved 1081344K
  class space    used 4875K, capacity 5114K, committed 5160K, reserved 1048576K
GC Heap History (10 events):
Event: 7.458 GC heap before
{Heap before GC invocations=8 (full 1):
 PSYoungGen      total 43008K, used 36157K [0x00000000eab00000, 0x00000000eee80000, 0x0000000100000000)
  eden space 32768K, 100% used [0x00000000eab00000,0x00000000ecb00000,0x00000000ecb00000)
  from space 10240K, 33% used [0x00000000ed500000,0x00000000ed84f410,0x00000000edf00000)
  to   space 10240K, 0% used [0x00000000ecb00000,0x00000000ecb00000,0x00000000ed500000)
 ParOldGen       total 62464K, used 8322K [0x00000000c0000000, 0x00000000c3d00000, 0x00000000eab00000)
  object space 62464K, 13% used [0x00000000c0000000,0x00000000c0820850,0x00000000c3d00000)
 Metaspace       used 25897K, capacity 26336K, committed 26672K, reserved 1073152K
  class space    used 3625K, capacity 3804K, committed 3888K, reserved 1048576K
Event: 7.465 GC heap after
Heap after GC invocations=8 (full 1):
 PSYoungGen      total 43008K, used 4912K [0x00000000eab00000, 0x00000000eef80000, 0x0000000100000000)
  eden space 32768K, 0% used [0x00000000eab00000,0x00000000eab00000,0x00000000ecb00000)
  from space 10240K, 47% used [0x00000000ecb00000,0x00000000ecfcc340,0x00000000ed500000)
  to   space 10240K, 0% used [0x00000000ee580000,0x00000000ee580000,0x00000000eef80000)
 ParOldGen       total 62464K, used 8330K [0x00000000c0000000, 0x00000000c3d00000, 0x00000000eab00000)
  object space 62464K, 13% used [0x00000000c0000000,0x00000000c0822850,0x00000000c3d00000)
 Metaspace       used 25897K, capacity 26336K, committed 26672K, reserved 1073152K
  class space    used 3625K, capacity 3804K, committed 3888K, reserved 1048576K
}
Event: 8.496 GC heap before
{Heap before GC invocations=9 (full 1):
 PSYoungGen      total 43008K, used 37680K [0x00000000eab00000, 0x00000000eef80000, 0x0000000100000000)
  eden space 32768K, 100% used [0x00000000eab00000,0x00000000ecb00000,0x00000000ecb00000)
  from space 10240K, 47% used [0x00000000ecb00000,0x00000000ecfcc340,0x00000000ed500000)
  to   space 10240K, 0% used [0x00000000ee580000,0x00000000ee580000,0x00000000eef80000)
 ParOldGen       total 62464K, used 8330K [0x00000000c0000000, 0x00000000c3d00000, 0x00000000eab00000)
  object space 62464K, 13% used [0x00000000c0000000,0x00000000c0822850,0x00000000c3d00000)
 Metaspace       used 28021K, capacity 28658K, committed 28848K, reserved 1073152K
  class space    used 3970K, capacity 4146K, committed 4272K, reserved 1048576K
Event: 8.507 GC heap after
Heap after GC invocations=9 (full 1):
 PSYoungGen      total 59904K, used 6689K [0x00000000eab00000, 0x00000000ef000000, 0x0000000100000000)
  eden space 49664K, 0% used [0x00000000eab00000,0x00000000eab00000,0x00000000edb80000)
  from space 10240K, 65% used [0x00000000ee580000,0x00000000eec08460,0x00000000eef80000)
  to   space 10240K, 0% used [0x00000000edb80000,0x00000000edb80000,0x00000000ee580000)
 ParOldGen       total 62464K, used 8338K [0x00000000c0000000, 0x00000000c3d00000, 0x00000000eab00000)
  object space 62464K, 13% used [0x00000000c0000000,0x00000000c0824850,0x00000000c3d00000)
 Metaspace       used 28021K, capacity 28658K, committed 28848K, reserved 1073152K
  class space    used 3970K, capacity 4146K, committed 4272K, reserved 1048576K
}
Event: 10.509 GC heap before
{Heap before GC invocations=10 (full 1):
 PSYoungGen      total 59904K, used 56353K [0x00000000eab00000, 0x00000000ef000000, 0x0000000100000000)
  eden space 49664K, 100% used [0x00000000eab00000,0x00000000edb80000,0x00000000edb80000)
  from space 10240K, 65% used [0x00000000ee580000,0x00000000eec08460,0x00000000eef80000)
  to   space 10240K, 0% used [0x00000000edb80000,0x00000000edb80000,0x00000000ee580000)
 ParOldGen       total 62464K, used 8338K [0x00000000c0000000, 0x00000000c3d00000, 0x00000000eab00000)
  object space 62464K, 13% used [0x00000000c0000000,0x00000000c0824850,0x00000000c3d00000)
 Metaspace       used 32132K, capacity 32846K, committed 33200K, reserved 1077248K
  class space    used 4482K, capacity 4683K, committed 4784K, reserved 1048576K
Event: 10.523 GC heap after
Heap after GC invocations=10 (full 1):
 PSYoungGen      total 59904K, used 10222K [0x00000000eab00000, 0x00000000f0080000, 0x0000000100000000)
  eden space 49664K, 0% used [0x00000000eab00000,0x00000000eab00000,0x00000000edb80000)
  from space 10240K, 99% used [0x00000000edb80000,0x00000000ee57b978,0x00000000ee580000)
  to   space 11264K, 0% used [0x00000000ef580000,0x00000000ef580000,0x00000000f0080000)
 ParOldGen       total 62464K, used 8404K [0x00000000c0000000, 0x00000000c3d00000, 0x00000000eab00000)
  object space 62464K, 13% used [0x00000000c0000000,0x00000000c0835010,0x00000000c3d00000)
 Metaspace       used 32132K, capacity 32846K, committed 33200K, reserved 1077248K
  class space    used 4482K, capacity 4683K, committed 4784K, reserved 1048576K
}
Event: 16.973 GC heap before
{Heap before GC invocations=11 (full 1):
 PSYoungGen      total 59904K, used 20147K [0x00000000eab00000, 0x00000000f0080000, 0x0000000100000000)
  eden space 49664K, 19% used [0x00000000eab00000,0x00000000eb4b1370,0x00000000edb80000)
  from space 10240K, 99% used [0x00000000edb80000,0x00000000ee57b978,0x00000000ee580000)
  to   space 11264K, 0% used [0x00000000ef580000,0x00000000ef580000,0x00000000f0080000)
 ParOldGen       total 62464K, used 8404K [0x00000000c0000000, 0x00000000c3d00000, 0x00000000eab00000)
  object space 62464K, 13% used [0x00000000c0000000,0x00000000c0835010,0x00000000c3d00000)
 Metaspace       used 34642K, capacity 35304K, committed 35496K, reserved 1079296K
  class space    used 4756K, capacity 4944K, committed 5032K, reserved 1048576K
Event: 16.980 GC heap after
Heap after GC invocations=11 (full 1):
 PSYoungGen      total 73216K, used 9445K [0x00000000eab00000, 0x00000000eff80000, 0x0000000100000000)
  eden space 62976K, 0% used [0x00000000eab00000,0x00000000eab00000,0x00000000ee880000)
  from space 10240K, 92% used [0x00000000ef580000,0x00000000efeb97e8,0x00000000eff80000)
  to   space 11776K, 0% used [0x00000000ee880000,0x00000000ee880000,0x00000000ef400000)
 ParOldGen       total 62464K, used 8412K [0x00000000c0000000, 0x00000000c3d00000, 0x00000000eab00000)
  object space 62464K, 13% used [0x00000000c0000000,0x00000000c0837010,0x00000000c3d00000)
 Metaspace       used 34642K, capacity 35304K, committed 35496K, reserved 1079296K
  class space    used 4756K, capacity 4944K, committed 5032K, reserved 1048576K
}
Event: 16.980 GC heap before
{Heap before GC invocations=12 (full 2):
 PSYoungGen      total 73216K, used 9445K [0x00000000eab00000, 0x00000000eff80000, 0x0000000100000000)
  eden space 62976K, 0% used [0x00000000eab00000,0x00000000eab00000,0x00000000ee880000)
  from space 10240K, 92% used [0x00000000ef580000,0x00000000efeb97e8,0x00000000eff80000)
  to   space 11776K, 0% used [0x00000000ee880000,0x00000000ee880000,0x00000000ef400000)
 ParOldGen       total 62464K, used 8412K [0x00000000c0000000, 0x00000000c3d00000, 0x00000000eab00000)
  object space 62464K, 13% used [0x00000000c0000000,0x00000000c0837010,0x00000000c3d00000)
 Metaspace       used 34642K, capacity 35304K, committed 35496K, reserved 1079296K
  class space    used 4756K, capacity 4944K, committed 5032K, reserved 1048576K
Event: 17.037 GC heap after
Heap after GC invocations=12 (full 2):
 PSYoungGen      total 73216K, used 0K [0x00000000eab00000, 0x00000000eff80000, 0x0000000100000000)
  eden space 62976K, 0% used [0x00000000eab00000,0x00000000eab00000,0x00000000ee880000)
  from space 10240K, 0% used [0x00000000ef580000,0x00000000ef580000,0x00000000eff80000)
  to   space 11776K, 0% used [0x00000000ee880000,0x00000000ee880000,0x00000000ef400000)
 ParOldGen       total 94720K, used 15983K [0x00000000c0000000, 0x00000000c5c80000, 0x00000000eab00000)
  object space 94720K, 16% used [0x00000000c0000000,0x00000000c0f9bf48,0x00000000c5c80000)
 Metaspace       used 34642K, capacity 35304K, committed 35496K, reserved 1079296K
  class space    used 4756K, capacity 4944K, committed 5032K, reserved 1048576K
}

