# JRE version: Java(TM) SE Runtime Environment (8.0_191-b12) (build 1.8.0_191-b12)
# Java VM: Java HotSpot(TM) 64-Bit Server VM (25.191-b12 mixed mode windows-amd64 compressed oops)
Heap:
 PSYoungGen      total 152064K, used 120060K [0x00000000f5580000, 0x0000000100000000, 0x0000000100000000)
  eden space 137728K, 87% used [0x00000000f5580000,0x00000000fcabf288,0x00000000fdc00000)
  from space 14336K, 0% used [0x00000000ff200000,0x00000000ff200000,0x0000000100000000)
  to   space 18432K, 0% used [0x00000000fdc00000,0x00000000fdc00000,0x00000000fee00000)
 ParOldGen       total 175104K, used 29379K [0x00000000e0000000, 0x00000000eab00000, 0x00000000f5580000)
  object space 175104K, 16% used [0x00000000e0000000,0x00000000e1cb0f58,0x00000000eab00000)
 Metaspace       used 59895K, capacity 62028K, committed 62208K, reserved 1101824K
  class space    used 8440K, capacity 8944K, committed 8960K, reserved 1048576K
GC Heap History (10 events):
Event: 37.062 GC heap before
{Heap before GC invocations=9 (full 2):
 PSYoungGen      total 123392K, used 9936K [0x00000000f5580000, 0x0000000100000000, 0x0000000100000000)
  eden space 111104K, 0% used [0x00000000f5580000,0x00000000f5580000,0x00000000fc200000)
  from space 12288K, 80% used [0x00000000fc200000,0x00000000fcbb4328,0x00000000fce00000)
  to   space 12288K, 0% used [0x00000000ff400000,0x00000000ff400000,0x0000000100000000)
 ParOldGen       total 175104K, used 6873K [0x00000000e0000000, 0x00000000eab00000, 0x00000000f5580000)
  object space 175104K, 3% used [0x00000000e0000000,0x00000000e06b6450,0x00000000eab00000)
 Metaspace       used 34568K, capacity 35366K, committed 35416K, reserved 1079296K
  class space    used 4869K, capacity 5098K, committed 5120K, reserved 1048576K
Event: 37.177 GC heap after
Heap after GC invocations=9 (full 2):
 PSYoungGen      total 123392K, used 0K [0x00000000f5580000, 0x0000000100000000, 0x0000000100000000)
  eden space 111104K, 0% used [0x00000000f5580000,0x00000000f5580000,0x00000000fc200000)
  from space 12288K, 0% used [0x00000000fc200000,0x00000000fc200000,0x00000000fce00000)
  to   space 12288K, 0% used [0x00000000ff400000,0x00000000ff400000,0x0000000100000000)
 ParOldGen       total 175104K, used 16329K [0x00000000e0000000, 0x00000000eab00000, 0x00000000f5580000)
  object space 175104K, 9% used [0x00000000e0000000,0x00000000e0ff24e8,0x00000000eab00000)
 Metaspace       used 34537K, capacity 35264K, committed 35416K, reserved 1079296K
  class space    used 4859K, capacity 5081K, committed 5120K, reserved 1048576K
}
Event: 44.595 GC heap before
{Heap before GC invocations=10 (full 2):
 PSYoungGen      total 123392K, used 111104K [0x00000000f5580000, 0x0000000100000000, 0x0000000100000000)
  eden space 111104K, 100% used [0x00000000f5580000,0x00000000fc200000,0x00000000fc200000)
  from space 12288K, 0% used [0x00000000fc200000,0x00000000fc200000,0x00000000fce00000)
  to   space 12288K, 0% used [0x00000000ff400000,0x00000000ff400000,0x0000000100000000)
 ParOldGen       total 175104K, used 16329K [0x00000000e0000000, 0x00000000eab00000, 0x00000000f5580000)
  object space 175104K, 9% used [0x00000000e0000000,0x00000000e0ff24e8,0x00000000eab00000)
 Metaspace       used 45569K, capacity 46624K, committed 46848K, reserved 1089536K
  class space    used 6273K, capacity 6552K, committed 6656K, reserved 1048576K
Event: 44.621 GC heap after
Heap after GC invocations=10 (full 2):
 PSYoungGen      total 158208K, used 12264K [0x00000000f5580000, 0x0000000100000000, 0x0000000100000000)
  eden space 145920K, 0% used [0x00000000f5580000,0x00000000f5580000,0x00000000fe400000)
  from space 12288K, 99% used [0x00000000ff400000,0x00000000ffffa248,0x0000000100000000)
  to   space 14336K, 0% used [0x00000000fe400000,0x00000000fe400000,0x00000000ff200000)
 ParOldGen       total 175104K, used 18262K [0x00000000e0000000, 0x00000000eab00000, 0x00000000f5580000)
  object space 175104K, 10% used [0x00000000e0000000,0x00000000e11d5a30,0x00000000eab00000)
 Metaspace       used 45569K, capacity 46624K, committed 46848K, reserved 1089536K
  class space    used 6273K, capacity 6552K, committed 6656K, reserved 1048576K
}
Event: 50.123 GC heap before
{Heap before GC invocations=11 (full 2):
 PSYoungGen      total 158208K, used 158184K [0x00000000f5580000, 0x0000000100000000, 0x0000000100000000)
  eden space 145920K, 100% used [0x00000000f5580000,0x00000000fe400000,0x00000000fe400000)
  from space 12288K, 99% used [0x00000000ff400000,0x00000000ffffa248,0x0000000100000000)
  to   space 14336K, 0% used [0x00000000fe400000,0x00000000fe400000,0x00000000ff200000)
 ParOldGen       total 175104K, used 18262K [0x00000000e0000000, 0x00000000eab00000, 0x00000000f5580000)
  object space 175104K, 10% used [0x00000000e0000000,0x00000000e11d5a30,0x00000000eab00000)
 Metaspace       used 56822K, capacity 58616K, committed 58752K, reserved 1099776K
  class space    used 8046K, capacity 8482K, committed 8576K, reserved 1048576K
Event: 50.144 GC heap after
Heap after GC invocations=11 (full 2):
 PSYoungGen      total 160256K, used 14317K [0x00000000f5580000, 0x0000000100000000, 0x0000000100000000)
  eden space 145920K, 0% used [0x00000000f5580000,0x00000000f5580000,0x00000000fe400000)
  from space 14336K, 99% used [0x00000000fe400000,0x00000000ff1fb7b0,0x00000000ff200000)
  to   space 14336K, 0% used [0x00000000ff200000,0x00000000ff200000,0x0000000100000000)
 ParOldGen       total 175104K, used 26359K [0x00000000e0000000, 0x00000000eab00000, 0x00000000f5580000)
  object space 175104K, 15% used [0x00000000e0000000,0x00000000e19bdd40,0x00000000eab00000)
 Metaspace       used 56822K, capacity 58616K, committed 58752K, reserved 1099776K
  class space    used 8046K, capacity 8482K, committed 8576K, reserved 1048576K
}
Event: 50.546 GC heap before
{Heap before GC invocations=12 (full 2):
 PSYoungGen      total 160256K, used 22806K [0x00000000f5580000, 0x0000000100000000, 0x0000000100000000)
  eden space 145920K, 5% used [0x00000000f5580000,0x00000000f5dca2a8,0x00000000fe400000)
  from space 14336K, 99% used [0x00000000fe400000,0x00000000ff1fb7b0,0x00000000ff200000)
  to   space 14336K, 0% used [0x00000000ff200000,0x00000000ff200000,0x0000000100000000)
 ParOldGen       total 175104K, used 26359K [0x00000000e0000000, 0x00000000eab00000, 0x00000000f5580000)
  object space 175104K, 15% used [0x00000000e0000000,0x00000000e19bdd40,0x00000000eab00000)
 Metaspace       used 57189K, capacity 58932K, committed 59008K, reserved 1099776K
  class space    used 8114K, capacity 8560K, committed 8576K, reserved 1048576K
Event: 50.559 GC heap after
Heap after GC invocations=12 (full 2):
 PSYoungGen      total 152064K, used 9121K [0x00000000f5580000, 0x0000000100000000, 0x0000000100000000)
  eden space 137728K, 0% used [0x00000000f5580000,0x00000000f5580000,0x00000000fdc00000)
  from space 14336K, 63% used [0x00000000ff200000,0x00000000ffae84a0,0x0000000100000000)
  to   space 18432K, 0% used [0x00000000fdc00000,0x00000000fdc00000,0x00000000fee00000)
 ParOldGen       total 175104K, used 32162K [0x00000000e0000000, 0x00000000eab00000, 0x00000000f5580000)
  object space 175104K, 18% used [0x00000000e0000000,0x00000000e1f68b38,0x00000000eab00000)
 Metaspace       used 57189K, capacity 58932K, committed 59008K, reserved 1099776K
  class space    used 8114K, capacity 8560K, committed 8576K, reserved 1048576K
}
Event: 50.559 GC heap before
{Heap before GC invocations=13 (full 3):
 PSYoungGen      total 152064K, used 9121K [0x00000000f5580000, 0x0000000100000000, 0x0000000100000000)
  eden space 137728K, 0% used [0x00000000f5580000,0x00000000f5580000,0x00000000fdc00000)
  from space 14336K, 63% used [0x00000000ff200000,0x00000000ffae84a0,0x0000000100000000)
  to   space 18432K, 0% used [0x00000000fdc00000,0x00000000fdc00000,0x00000000fee00000)
 ParOldGen       total 175104K, used 32162K [0x00000000e0000000, 0x00000000eab00000, 0x00000000f5580000)
  object space 175104K, 18% used [0x00000000e0000000,0x00000000e1f68b38,0x00000000eab00000)
 Metaspace       used 57189K, capacity 58932K, committed 59008K, reserved 1099776K
  class space    used 8114K, capacity 8560K, committed 8576K, reserved 1048576K
Event: 50.772 GC heap after
Heap after GC invocations=13 (full 3):
 PSYoungGen      total 152064K, used 0K [0x00000000f5580000, 0x0000000100000000, 0x0000000100000000)
  eden space 137728K, 0% used [0x00000000f5580000,0x00000000f5580000,0x00000000fdc00000)
  from space 14336K, 0% used [0x00000000ff200000,0x00000000ff200000,0x0000000100000000)
  to   space 18432K, 0% used [0x00000000fdc00000,0x00000000fdc00000,0x00000000fee00000)
 ParOldGen       total 175104K, used 29379K [0x00000000e0000000, 0x00000000eab00000, 0x00000000f5580000)
  object space 175104K, 16% used [0x00000000e0000000,0x00000000e1cb0f58,0x00000000eab00000)
 Metaspace       used 57189K, capacity 58932K, committed 59008K, reserved 1099776K
  class space    used 8114K, capacity 8560K, committed 8576K, reserved 1048576K
}

